D:\USERS\ITP943\DOCUMENTS\VISUAL STUDIO 2012\PROJECTS\KRUGLOVPROGALAB4\KRUGLOVPROGALAB4\DEBUG\KRUGLOVPROGALAB4.OBJ
D:\USERS\ITP943\DOCUMENTS\VISUAL STUDIO 2012\PROJECTS\KRUGLOVPROGALAB4\KRUGLOVPROGALAB4\DEBUG\STDAFX.OBJ
D:\USERS\ITP943\DOCUMENTS\VISUAL STUDIO 2012\PROJECTS\KRUGLOVPROGALAB4\KRUGLOVPROGALAB4\DEBUG\VC110.PDB
D:\USERS\ITP943\DOCUMENTS\VISUAL STUDIO 2012\PROJECTS\KRUGLOVPROGALAB4\DEBUG\KRUGLOVPROGALAB4.ILK
D:\USERS\ITP943\DOCUMENTS\VISUAL STUDIO 2012\PROJECTS\KRUGLOVPROGALAB4\DEBUG\KRUGLOVPROGALAB4.EXE
D:\USERS\ITP943\DOCUMENTS\VISUAL STUDIO 2012\PROJECTS\KRUGLOVPROGALAB4\DEBUG\KRUGLOVPROGALAB4.PDB
d:\Users\itp943\documents\visual studio 2012\Projects\kruglovprogalab4\kruglovprogalab4\Debug\kruglovprogalab4.obj
d:\Users\itp943\documents\visual studio 2012\Projects\kruglovprogalab4\kruglovprogalab4\Debug\stdafx.obj
d:\Users\itp943\documents\visual studio 2012\Projects\kruglovprogalab4\kruglovprogalab4\Debug\cl.command.1.tlog
d:\Users\itp943\documents\visual studio 2012\Projects\kruglovprogalab4\kruglovprogalab4\Debug\CL.read.1.tlog
d:\Users\itp943\documents\visual studio 2012\Projects\kruglovprogalab4\kruglovprogalab4\Debug\CL.write.1.tlog
d:\Users\itp943\documents\visual studio 2012\Projects\kruglovprogalab4\kruglovprogalab4\Debug\link-cvtres.read.1.tlog
d:\Users\itp943\documents\visual studio 2012\Projects\kruglovprogalab4\kruglovprogalab4\Debug\link-cvtres.write.1.tlog
d:\Users\itp943\documents\visual studio 2012\Projects\kruglovprogalab4\kruglovprogalab4\Debug\link-rc.read.1.tlog
d:\Users\itp943\documents\visual studio 2012\Projects\kruglovprogalab4\kruglovprogalab4\Debug\link-rc.write.1.tlog
d:\Users\itp943\documents\visual studio 2012\Projects\kruglovprogalab4\kruglovprogalab4\Debug\link.command.1.tlog
d:\Users\itp943\documents\visual studio 2012\Projects\kruglovprogalab4\kruglovprogalab4\Debug\link.read.1.tlog
d:\Users\itp943\documents\visual studio 2012\Projects\kruglovprogalab4\kruglovprogalab4\Debug\link.write.1.tlog
d:\Users\itp943\documents\visual studio 2012\Projects\kruglovprogalab4\kruglovprogalab4\Debug\vc110.idb
d:\Users\itp943\documents\visual studio 2012\Projects\kruglovprogalab4\kruglovprogalab4\Debug\vc110.pdb
d:\users\itp943\documents\visual studio 2012\Projects\kruglovprogalab4\Debug\kruglovprogalab4.pdb
d:\users\itp943\documents\visual studio 2012\Projects\kruglovprogalab4\Debug\kruglovprogalab4.exe
d:\users\itp943\documents\visual studio 2012\Projects\kruglovprogalab4\Debug\kruglovprogalab4.ilk
